2025-10-17 16:55:11,465 - weather_scheduler - INFO - ê¸°ìƒì²­ API ì´ˆê¸°í™” ì™„ë£Œ (ì„œë¹„ìŠ¤í‚¤: RS9BlHAdSZ***)
2025-10-17 16:55:11,479 - weather_scheduler - INFO - ì´ 3ê°œ ì‹œì¥ì˜ ë‚ ì”¨ ë°ì´í„° ìˆ˜ì§‘ ì‹œì‘
2025-10-17 16:55:11,708 - weather_scheduler - INFO - ì‹œì¥ 'ë™ëŒ€ë¬¸ì‹œì¥': í˜„ì¬ ë‚ ì”¨ ìˆ˜ì§‘ ì„±ê³µ
2025-10-17 16:55:11,968 - weather_scheduler - INFO - ì‹œì¥ 'ë™ëŒ€ë¬¸ì‹œì¥': ì˜ˆë³´ ë°ì´í„° ìˆ˜ì§‘ ì„±ê³µ (6ì‹œê°„)
2025-10-17 16:55:12,261 - weather_scheduler - INFO - ì‹œì¥ 'ìê°ˆì¹˜ì‹œì¥': í˜„ì¬ ë‚ ì”¨ ìˆ˜ì§‘ ì„±ê³µ
2025-10-17 16:55:12,533 - weather_scheduler - INFO - ì‹œì¥ 'ìê°ˆì¹˜ì‹œì¥': ì˜ˆë³´ ë°ì´í„° ìˆ˜ì§‘ ì„±ê³µ (6ì‹œê°„)
2025-10-17 16:55:12,758 - weather_scheduler - INFO - ì‹œì¥ 'ì„œë¬¸ì‹œì¥': í˜„ì¬ ë‚ ì”¨ ìˆ˜ì§‘ ì„±ê³µ
2025-10-17 16:55:12,988 - weather_scheduler - INFO - ì‹œì¥ 'ì„œë¬¸ì‹œì¥': ì˜ˆë³´ ë°ì´í„° ìˆ˜ì§‘ ì„±ê³µ (6ì‹œê°„)
2025-10-17 16:55:12,988 - weather_scheduler - INFO - ë‚ ì”¨ ë°ì´í„° ìˆ˜ì§‘ ì™„ë£Œ: ì„±ê³µ 3ê°œ, ì‹¤íŒ¨ 0ê°œ (ì´ 3ê°œ)
2025-10-17 16:55:12,989 - weather_scheduler - INFO - ë°ì´í„°ë² ì´ìŠ¤ ë‚ ì”¨ ë°ì´í„°: ì´ 21ê°œ (í˜„ì¬ 3ê°œ, ì˜ˆë³´ 18ê°œ)
2025-10-19 20:19:46,362 - weather_scheduler - INFO - ê¸°ìƒì²­ API ì´ˆê¸°í™” ì™„ë£Œ (ì„œë¹„ìŠ¤í‚¤: RS9BlHAdSZ***)
2025-10-19 20:19:46,363 - werkzeug - INFO - 127.0.0.1 - - [19/Oct/2025 20:19:46] "GET /api/scheduler/status HTTP/1.1" 200 -
2025-10-19 20:19:46,893 - werkzeug - INFO - 127.0.0.1 - - [19/Oct/2025 20:19:46] "GET /api/scheduler/stats HTTP/1.1" 200 -
2025-10-19 20:19:47,402 - apscheduler.scheduler - INFO - Adding job tentatively -- it will be properly scheduled when the scheduler starts
2025-10-19 20:19:47,404 - apscheduler.scheduler - INFO - Added job "ì‹œì¥ë³„ ë‚ ì”¨ ë°ì´í„° ìˆ˜ì§‘" to job store "default"
2025-10-19 20:19:47,404 - apscheduler.scheduler - INFO - Scheduler started
2025-10-19 20:19:47,404 - weather_scheduler - INFO - ë‚ ì”¨ ìŠ¤ì¼€ì¤„ëŸ¬ ì‹œì‘ë¨ (ì£¼ê¸°: 30ë¶„)
2025-10-19 20:19:47,404 - weather_scheduler - INFO - ì´ˆê¸° ë‚ ì”¨ ë°ì´í„° ìˆ˜ì§‘ ì‹œì‘...
2025-10-19 20:19:47,406 - weather_scheduler - INFO - ì´ 4ê°œ ì‹œì¥ì˜ ë‚ ì”¨ ë°ì´í„° ìˆ˜ì§‘ ì‹œì‘
2025-10-19 20:19:47,582 - weather_scheduler - INFO - ì‹œì¥ 'ë™ëŒ€ë¬¸ì‹œì¥': í˜„ì¬ ë‚ ì”¨ ìˆ˜ì§‘ ì„±ê³µ
2025-10-19 20:19:47,740 - weather_scheduler - INFO - ì‹œì¥ 'ë™ëŒ€ë¬¸ì‹œì¥': ì˜ˆë³´ ë°ì´í„° ìˆ˜ì§‘ ì„±ê³µ (6ì‹œê°„)
2025-10-19 20:19:47,856 - weather_scheduler - INFO - ì‹œì¥ 'ìê°ˆì¹˜ì‹œì¥': í˜„ì¬ ë‚ ì”¨ ìˆ˜ì§‘ ì„±ê³µ
2025-10-19 20:19:48,052 - weather_scheduler - INFO - ì‹œì¥ 'ìê°ˆì¹˜ì‹œì¥': ì˜ˆë³´ ë°ì´í„° ìˆ˜ì§‘ ì„±ê³µ (6ì‹œê°„)
2025-10-19 20:19:48,170 - weather_scheduler - INFO - ì‹œì¥ 'ì„œë¬¸ì‹œì¥': í˜„ì¬ ë‚ ì”¨ ìˆ˜ì§‘ ì„±ê³µ
2025-10-19 20:19:48,328 - weather_scheduler - INFO - ì‹œì¥ 'ì„œë¬¸ì‹œì¥': ì˜ˆë³´ ë°ì´í„° ìˆ˜ì§‘ ì„±ê³µ (6ì‹œê°„)
2025-10-19 20:19:48,569 - weather_scheduler - INFO - ì‹œì¥ 'í…ŒìŠ¤íŠ¸ ì‹œì¥': í˜„ì¬ ë‚ ì”¨ ìˆ˜ì§‘ ì„±ê³µ
2025-10-19 20:19:48,742 - weather_scheduler - INFO - ì‹œì¥ 'í…ŒìŠ¤íŠ¸ ì‹œì¥': ì˜ˆë³´ ë°ì´í„° ìˆ˜ì§‘ ì„±ê³µ (6ì‹œê°„)
2025-10-19 20:19:48,743 - weather_scheduler - INFO - ë‚ ì”¨ ë°ì´í„° ìˆ˜ì§‘ ì™„ë£Œ: ì„±ê³µ 4ê°œ, ì‹¤íŒ¨ 0ê°œ (ì´ 4ê°œ)
2025-10-19 20:19:48,744 - weather_scheduler - INFO - ë°ì´í„°ë² ì´ìŠ¤ ë‚ ì”¨ ë°ì´í„°: ì´ 49ê°œ (í˜„ì¬ 7ê°œ, ì˜ˆë³´ 42ê°œ)
2025-10-19 20:19:48,744 - werkzeug - INFO - 127.0.0.1 - - [19/Oct/2025 20:19:48] "POST /api/scheduler/start HTTP/1.1" 200 -
2025-10-19 20:19:49,257 - weather_scheduler - INFO - ì´ 4ê°œ ì‹œì¥ì˜ ë‚ ì”¨ ë°ì´í„° ìˆ˜ì§‘ ì‹œì‘
2025-10-19 20:19:49,368 - weather_scheduler - INFO - ì‹œì¥ 'ë™ëŒ€ë¬¸ì‹œì¥': í˜„ì¬ ë‚ ì”¨ ìˆ˜ì§‘ ì„±ê³µ
2025-10-19 20:19:49,531 - weather_scheduler - INFO - ì‹œì¥ 'ë™ëŒ€ë¬¸ì‹œì¥': ì˜ˆë³´ ë°ì´í„° ìˆ˜ì§‘ ì„±ê³µ (6ì‹œê°„)
2025-10-19 20:19:49,712 - weather_scheduler - INFO - ì‹œì¥ 'ìê°ˆì¹˜ì‹œì¥': í˜„ì¬ ë‚ ì”¨ ìˆ˜ì§‘ ì„±ê³µ
2025-10-19 20:19:49,878 - weather_scheduler - INFO - ì‹œì¥ 'ìê°ˆì¹˜ì‹œì¥': ì˜ˆë³´ ë°ì´í„° ìˆ˜ì§‘ ì„±ê³µ (6ì‹œê°„)
2025-10-19 20:19:49,965 - weather_scheduler - INFO - ì‹œì¥ 'ì„œë¬¸ì‹œì¥': í˜„ì¬ ë‚ ì”¨ ìˆ˜ì§‘ ì„±ê³µ
2025-10-19 20:19:50,117 - weather_scheduler - INFO - ì‹œì¥ 'ì„œë¬¸ì‹œì¥': ì˜ˆë³´ ë°ì´í„° ìˆ˜ì§‘ ì„±ê³µ (6ì‹œê°„)
2025-10-19 20:19:50,206 - weather_scheduler - INFO - ì‹œì¥ 'í…ŒìŠ¤íŠ¸ ì‹œì¥': í˜„ì¬ ë‚ ì”¨ ìˆ˜ì§‘ ì„±ê³µ
2025-10-19 20:19:50,388 - weather_scheduler - INFO - ì‹œì¥ 'í…ŒìŠ¤íŠ¸ ì‹œì¥': ì˜ˆë³´ ë°ì´í„° ìˆ˜ì§‘ ì„±ê³µ (6ì‹œê°„)
2025-10-19 20:19:50,388 - weather_scheduler - INFO - ë‚ ì”¨ ë°ì´í„° ìˆ˜ì§‘ ì™„ë£Œ: ì„±ê³µ 4ê°œ, ì‹¤íŒ¨ 0ê°œ (ì´ 4ê°œ)
2025-10-19 20:19:50,390 - weather_scheduler - INFO - ë°ì´í„°ë² ì´ìŠ¤ ë‚ ì”¨ ë°ì´í„°: ì´ 77ê°œ (í˜„ì¬ 11ê°œ, ì˜ˆë³´ 66ê°œ)
2025-10-19 20:19:50,390 - werkzeug - INFO - 127.0.0.1 - - [19/Oct/2025 20:19:50] "POST /api/scheduler/collect HTTP/1.1" 200 -
2025-10-19 20:19:50,902 - werkzeug - INFO - 127.0.0.1 - - [19/Oct/2025 20:19:50] "[33mGET /db-viewer/api/stats HTTP/1.1[0m" 404 -
2025-10-19 20:19:51,412 - werkzeug - INFO - 127.0.0.1 - - [19/Oct/2025 20:19:51] "[33mGET /db-viewer/api/users HTTP/1.1[0m" 404 -
2025-10-19 20:19:51,923 - werkzeug - INFO - 127.0.0.1 - - [19/Oct/2025 20:19:51] "[33mGET /db-viewer/api/markets HTTP/1.1[0m" 404 -
2025-10-19 20:19:52,436 - werkzeug - INFO - 127.0.0.1 - - [19/Oct/2025 20:19:52] "[33mGET /db-viewer/api/weather HTTP/1.1[0m" 404 -
2025-10-19 20:19:52,946 - werkzeug - INFO - 127.0.0.1 - - [19/Oct/2025 20:19:52] "[33mGET /db-viewer/api/damage HTTP/1.1[0m" 404 -
2025-10-19 20:19:53,459 - werkzeug - INFO - 127.0.0.1 - - [19/Oct/2025 20:19:53] "[35m[1mGET /api/markets HTTP/1.1[0m" 500 -
2025-10-19 20:19:53,664 - werkzeug - INFO - 127.0.0.1 - - [19/Oct/2025 20:19:53] "POST /api/weather/current HTTP/1.1" 200 -
2025-10-19 20:19:53,675 - werkzeug - INFO - 127.0.0.1 - - [19/Oct/2025 20:19:53] "GET /api/scheduler/stats HTTP/1.1" 200 -
2025-10-19 20:19:53,679 - weather_scheduler - INFO - ì´ 4ê°œ ì‹œì¥ì˜ ë‚ ì”¨ ë°ì´í„° ìˆ˜ì§‘ ì‹œì‘
2025-10-19 20:19:53,786 - weather_scheduler - INFO - ì‹œì¥ 'ë™ëŒ€ë¬¸ì‹œì¥': í˜„ì¬ ë‚ ì”¨ ìˆ˜ì§‘ ì„±ê³µ
2025-10-19 20:19:53,948 - weather_scheduler - INFO - ì‹œì¥ 'ë™ëŒ€ë¬¸ì‹œì¥': ì˜ˆë³´ ë°ì´í„° ìˆ˜ì§‘ ì„±ê³µ (6ì‹œê°„)
2025-10-19 20:19:54,042 - weather_scheduler - INFO - ì‹œì¥ 'ìê°ˆì¹˜ì‹œì¥': í˜„ì¬ ë‚ ì”¨ ìˆ˜ì§‘ ì„±ê³µ
2025-10-19 20:19:54,196 - weather_scheduler - INFO - ì‹œì¥ 'ìê°ˆì¹˜ì‹œì¥': ì˜ˆë³´ ë°ì´í„° ìˆ˜ì§‘ ì„±ê³µ (6ì‹œê°„)
2025-10-19 20:19:54,297 - weather_scheduler - INFO - ì‹œì¥ 'ì„œë¬¸ì‹œì¥': í˜„ì¬ ë‚ ì”¨ ìˆ˜ì§‘ ì„±ê³µ
2025-10-19 20:19:54,445 - weather_scheduler - INFO - ì‹œì¥ 'ì„œë¬¸ì‹œì¥': ì˜ˆë³´ ë°ì´í„° ìˆ˜ì§‘ ì„±ê³µ (6ì‹œê°„)
2025-10-19 20:19:54,568 - weather_scheduler - INFO - ì‹œì¥ 'í…ŒìŠ¤íŠ¸ ì‹œì¥': í˜„ì¬ ë‚ ì”¨ ìˆ˜ì§‘ ì„±ê³µ
2025-10-19 20:19:54,730 - weather_scheduler - INFO - ì‹œì¥ 'í…ŒìŠ¤íŠ¸ ì‹œì¥': ì˜ˆë³´ ë°ì´í„° ìˆ˜ì§‘ ì„±ê³µ (6ì‹œê°„)
2025-10-19 20:19:54,730 - weather_scheduler - INFO - ë‚ ì”¨ ë°ì´í„° ìˆ˜ì§‘ ì™„ë£Œ: ì„±ê³µ 4ê°œ, ì‹¤íŒ¨ 0ê°œ (ì´ 4ê°œ)
2025-10-19 20:19:54,731 - weather_scheduler - INFO - ë°ì´í„°ë² ì´ìŠ¤ ë‚ ì”¨ ë°ì´í„°: ì´ 105ê°œ (í˜„ì¬ 15ê°œ, ì˜ˆë³´ 90ê°œ)
2025-10-19 20:19:54,732 - werkzeug - INFO - 127.0.0.1 - - [19/Oct/2025 20:19:54] "POST /api/scheduler/collect HTTP/1.1" 200 -
2025-10-19 20:20:07,688 - werkzeug - INFO - 127.0.0.1 - - [19/Oct/2025 20:20:07] "GET /health HTTP/1.1" 200 -
2025-10-19 20:21:05,923 - werkzeug - INFO -  * Detected change in '/Users/ppmb/mwn_backend/app.py', reloading
2025-10-19 20:27:20,128 - weather_scheduler - INFO - ê¸°ìƒì²­ API ì´ˆê¸°í™” ì™„ë£Œ (ì„œë¹„ìŠ¤í‚¤: RS9BlHAdSZ***)
2025-10-19 20:27:20,128 - werkzeug - INFO - 127.0.0.1 - - [19/Oct/2025 20:27:20] "GET /api/scheduler/status HTTP/1.1" 200 -
2025-10-19 20:27:20,646 - werkzeug - INFO - 127.0.0.1 - - [19/Oct/2025 20:27:20] "GET /api/scheduler/stats HTTP/1.1" 200 -
2025-10-19 20:27:21,153 - apscheduler.scheduler - INFO - Adding job tentatively -- it will be properly scheduled when the scheduler starts
2025-10-19 20:27:21,154 - apscheduler.scheduler - INFO - Added job "ì‹œì¥ë³„ ë‚ ì”¨ ë°ì´í„° ìˆ˜ì§‘" to job store "default"
2025-10-19 20:27:21,154 - apscheduler.scheduler - INFO - Scheduler started
2025-10-19 20:27:21,154 - weather_scheduler - INFO - ë‚ ì”¨ ìŠ¤ì¼€ì¤„ëŸ¬ ì‹œì‘ë¨ (ì£¼ê¸°: 30ë¶„)
2025-10-19 20:27:21,154 - weather_scheduler - INFO - ì´ˆê¸° ë‚ ì”¨ ë°ì´í„° ìˆ˜ì§‘ ì‹œì‘...
2025-10-19 20:27:21,155 - weather_scheduler - INFO - ì´ 5ê°œ ì‹œì¥ì˜ ë‚ ì”¨ ë°ì´í„° ìˆ˜ì§‘ ì‹œì‘
2025-10-19 20:27:21,244 - weather_scheduler - INFO - ì‹œì¥ 'ë™ëŒ€ë¬¸ì‹œì¥': í˜„ì¬ ë‚ ì”¨ ìˆ˜ì§‘ ì„±ê³µ
2025-10-19 20:27:21,385 - weather_scheduler - INFO - ì‹œì¥ 'ë™ëŒ€ë¬¸ì‹œì¥': ì˜ˆë³´ ë°ì´í„° ìˆ˜ì§‘ ì„±ê³µ (6ì‹œê°„)
2025-10-19 20:27:21,462 - weather_scheduler - INFO - ì‹œì¥ 'ìê°ˆì¹˜ì‹œì¥': í˜„ì¬ ë‚ ì”¨ ìˆ˜ì§‘ ì„±ê³µ
2025-10-19 20:27:21,607 - weather_scheduler - INFO - ì‹œì¥ 'ìê°ˆì¹˜ì‹œì¥': ì˜ˆë³´ ë°ì´í„° ìˆ˜ì§‘ ì„±ê³µ (6ì‹œê°„)
2025-10-19 20:27:21,689 - weather_scheduler - INFO - ì‹œì¥ 'ì„œë¬¸ì‹œì¥': í˜„ì¬ ë‚ ì”¨ ìˆ˜ì§‘ ì„±ê³µ
2025-10-19 20:27:21,838 - weather_scheduler - INFO - ì‹œì¥ 'ì„œë¬¸ì‹œì¥': ì˜ˆë³´ ë°ì´í„° ìˆ˜ì§‘ ì„±ê³µ (6ì‹œê°„)
2025-10-19 20:27:21,927 - weather_scheduler - INFO - ì‹œì¥ 'í…ŒìŠ¤íŠ¸ ì‹œì¥': í˜„ì¬ ë‚ ì”¨ ìˆ˜ì§‘ ì„±ê³µ
2025-10-19 20:27:22,074 - weather_scheduler - INFO - ì‹œì¥ 'í…ŒìŠ¤íŠ¸ ì‹œì¥': ì˜ˆë³´ ë°ì´í„° ìˆ˜ì§‘ ì„±ê³µ (6ì‹œê°„)
2025-10-19 20:27:22,207 - weather_scheduler - INFO - ì‹œì¥ 'í…ŒìŠ¤íŠ¸ ì‹œì¥': í˜„ì¬ ë‚ ì”¨ ìˆ˜ì§‘ ì„±ê³µ
2025-10-19 20:27:22,387 - weather_scheduler - INFO - ì‹œì¥ 'í…ŒìŠ¤íŠ¸ ì‹œì¥': ì˜ˆë³´ ë°ì´í„° ìˆ˜ì§‘ ì„±ê³µ (6ì‹œê°„)
2025-10-19 20:27:22,387 - weather_scheduler - INFO - ë‚ ì”¨ ë°ì´í„° ìˆ˜ì§‘ ì™„ë£Œ: ì„±ê³µ 5ê°œ, ì‹¤íŒ¨ 0ê°œ (ì´ 5ê°œ)
2025-10-19 20:27:22,387 - weather_scheduler - INFO - ë°ì´í„°ë² ì´ìŠ¤ ë‚ ì”¨ ë°ì´í„°: ì´ 147ê°œ (í˜„ì¬ 21ê°œ, ì˜ˆë³´ 126ê°œ)
2025-10-19 20:27:22,388 - werkzeug - INFO - 127.0.0.1 - - [19/Oct/2025 20:27:22] "POST /api/scheduler/start HTTP/1.1" 200 -
2025-10-19 20:27:22,896 - weather_scheduler - INFO - ì´ 5ê°œ ì‹œì¥ì˜ ë‚ ì”¨ ë°ì´í„° ìˆ˜ì§‘ ì‹œì‘
2025-10-19 20:27:22,975 - weather_scheduler - INFO - ì‹œì¥ 'ë™ëŒ€ë¬¸ì‹œì¥': í˜„ì¬ ë‚ ì”¨ ìˆ˜ì§‘ ì„±ê³µ
2025-10-19 20:27:23,130 - weather_scheduler - INFO - ì‹œì¥ 'ë™ëŒ€ë¬¸ì‹œì¥': ì˜ˆë³´ ë°ì´í„° ìˆ˜ì§‘ ì„±ê³µ (6ì‹œê°„)
2025-10-19 20:27:23,208 - weather_scheduler - INFO - ì‹œì¥ 'ìê°ˆì¹˜ì‹œì¥': í˜„ì¬ ë‚ ì”¨ ìˆ˜ì§‘ ì„±ê³µ
2025-10-19 20:27:23,354 - weather_scheduler - INFO - ì‹œì¥ 'ìê°ˆì¹˜ì‹œì¥': ì˜ˆë³´ ë°ì´í„° ìˆ˜ì§‘ ì„±ê³µ (6ì‹œê°„)
2025-10-19 20:27:23,436 - weather_scheduler - INFO - ì‹œì¥ 'ì„œë¬¸ì‹œì¥': í˜„ì¬ ë‚ ì”¨ ìˆ˜ì§‘ ì„±ê³µ
2025-10-19 20:27:23,579 - weather_scheduler - INFO - ì‹œì¥ 'ì„œë¬¸ì‹œì¥': ì˜ˆë³´ ë°ì´í„° ìˆ˜ì§‘ ì„±ê³µ (6ì‹œê°„)
2025-10-19 20:27:23,671 - weather_scheduler - INFO - ì‹œì¥ 'í…ŒìŠ¤íŠ¸ ì‹œì¥': í˜„ì¬ ë‚ ì”¨ ìˆ˜ì§‘ ì„±ê³µ
2025-10-19 20:27:23,814 - weather_scheduler - INFO - ì‹œì¥ 'í…ŒìŠ¤íŠ¸ ì‹œì¥': ì˜ˆë³´ ë°ì´í„° ìˆ˜ì§‘ ì„±ê³µ (6ì‹œê°„)
2025-10-19 20:27:23,892 - weather_scheduler - INFO - ì‹œì¥ 'í…ŒìŠ¤íŠ¸ ì‹œì¥': í˜„ì¬ ë‚ ì”¨ ìˆ˜ì§‘ ì„±ê³µ
2025-10-19 20:27:24,036 - weather_scheduler - INFO - ì‹œì¥ 'í…ŒìŠ¤íŠ¸ ì‹œì¥': ì˜ˆë³´ ë°ì´í„° ìˆ˜ì§‘ ì„±ê³µ (6ì‹œê°„)
2025-10-19 20:27:24,036 - weather_scheduler - INFO - ë‚ ì”¨ ë°ì´í„° ìˆ˜ì§‘ ì™„ë£Œ: ì„±ê³µ 5ê°œ, ì‹¤íŒ¨ 0ê°œ (ì´ 5ê°œ)
2025-10-19 20:27:24,037 - weather_scheduler - INFO - ë°ì´í„°ë² ì´ìŠ¤ ë‚ ì”¨ ë°ì´í„°: ì´ 182ê°œ (í˜„ì¬ 26ê°œ, ì˜ˆë³´ 156ê°œ)
2025-10-19 20:27:24,037 - werkzeug - INFO - 127.0.0.1 - - [19/Oct/2025 20:27:24] "POST /api/scheduler/collect HTTP/1.1" 200 -
2025-10-19 20:27:24,547 - werkzeug - INFO - 127.0.0.1 - - [19/Oct/2025 20:27:24] "[33mGET /db-viewer/api/stats HTTP/1.1[0m" 404 -
2025-10-19 20:27:25,054 - werkzeug - INFO - 127.0.0.1 - - [19/Oct/2025 20:27:25] "[33mGET /db-viewer/api/users HTTP/1.1[0m" 404 -
2025-10-19 20:27:25,561 - werkzeug - INFO - 127.0.0.1 - - [19/Oct/2025 20:27:25] "[33mGET /db-viewer/api/markets HTTP/1.1[0m" 404 -
2025-10-19 20:27:26,079 - werkzeug - INFO - 127.0.0.1 - - [19/Oct/2025 20:27:26] "[33mGET /db-viewer/api/weather HTTP/1.1[0m" 404 -
2025-10-19 20:27:26,587 - werkzeug - INFO - 127.0.0.1 - - [19/Oct/2025 20:27:26] "[33mGET /db-viewer/api/damage HTTP/1.1[0m" 404 -
2025-10-19 20:27:27,096 - werkzeug - INFO - 127.0.0.1 - - [19/Oct/2025 20:27:27] "GET /api/markets HTTP/1.1" 200 -
2025-10-19 20:27:27,199 - werkzeug - INFO - 127.0.0.1 - - [19/Oct/2025 20:27:27] "POST /api/weather/current HTTP/1.1" 200 -
2025-10-19 20:27:27,203 - werkzeug - INFO - 127.0.0.1 - - [19/Oct/2025 20:27:27] "GET /api/scheduler/stats HTTP/1.1" 200 -
2025-10-19 20:27:27,205 - weather_scheduler - INFO - ì´ 5ê°œ ì‹œì¥ì˜ ë‚ ì”¨ ë°ì´í„° ìˆ˜ì§‘ ì‹œì‘
2025-10-19 20:27:27,329 - weather_scheduler - INFO - ì‹œì¥ 'ë™ëŒ€ë¬¸ì‹œì¥': í˜„ì¬ ë‚ ì”¨ ìˆ˜ì§‘ ì„±ê³µ
2025-10-19 20:27:27,509 - weather_scheduler - INFO - ì‹œì¥ 'ë™ëŒ€ë¬¸ì‹œì¥': ì˜ˆë³´ ë°ì´í„° ìˆ˜ì§‘ ì„±ê³µ (6ì‹œê°„)
2025-10-19 20:27:27,606 - weather_scheduler - INFO - ì‹œì¥ 'ìê°ˆì¹˜ì‹œì¥': í˜„ì¬ ë‚ ì”¨ ìˆ˜ì§‘ ì„±ê³µ
2025-10-19 20:27:27,758 - weather_scheduler - INFO - ì‹œì¥ 'ìê°ˆì¹˜ì‹œì¥': ì˜ˆë³´ ë°ì´í„° ìˆ˜ì§‘ ì„±ê³µ (6ì‹œê°„)
2025-10-19 20:27:27,857 - weather_scheduler - INFO - ì‹œì¥ 'ì„œë¬¸ì‹œì¥': í˜„ì¬ ë‚ ì”¨ ìˆ˜ì§‘ ì„±ê³µ
2025-10-19 20:27:28,039 - weather_scheduler - INFO - ì‹œì¥ 'ì„œë¬¸ì‹œì¥': ì˜ˆë³´ ë°ì´í„° ìˆ˜ì§‘ ì„±ê³µ (6ì‹œê°„)
2025-10-19 20:27:28,156 - weather_scheduler - INFO - ì‹œì¥ 'í…ŒìŠ¤íŠ¸ ì‹œì¥': í˜„ì¬ ë‚ ì”¨ ìˆ˜ì§‘ ì„±ê³µ
2025-10-19 20:27:28,322 - weather_scheduler - INFO - ì‹œì¥ 'í…ŒìŠ¤íŠ¸ ì‹œì¥': ì˜ˆë³´ ë°ì´í„° ìˆ˜ì§‘ ì„±ê³µ (6ì‹œê°„)
2025-10-19 20:27:28,491 - weather_scheduler - INFO - ì‹œì¥ 'í…ŒìŠ¤íŠ¸ ì‹œì¥': í˜„ì¬ ë‚ ì”¨ ìˆ˜ì§‘ ì„±ê³µ
2025-10-19 20:27:28,662 - weather_scheduler - INFO - ì‹œì¥ 'í…ŒìŠ¤íŠ¸ ì‹œì¥': ì˜ˆë³´ ë°ì´í„° ìˆ˜ì§‘ ì„±ê³µ (6ì‹œê°„)
2025-10-19 20:27:28,663 - weather_scheduler - INFO - ë‚ ì”¨ ë°ì´í„° ìˆ˜ì§‘ ì™„ë£Œ: ì„±ê³µ 5ê°œ, ì‹¤íŒ¨ 0ê°œ (ì´ 5ê°œ)
2025-10-19 20:27:28,663 - weather_scheduler - INFO - ë°ì´í„°ë² ì´ìŠ¤ ë‚ ì”¨ ë°ì´í„°: ì´ 218ê°œ (í˜„ì¬ 32ê°œ, ì˜ˆë³´ 186ê°œ)
2025-10-19 20:27:28,663 - werkzeug - INFO - 127.0.0.1 - - [19/Oct/2025 20:27:28] "POST /api/scheduler/collect HTTP/1.1" 200 -
2025-10-19 20:27:49,112 - werkzeug - INFO -  * Detected change in '/Users/ppmb/mwn_backend/test_api_endpoints.py', reloading
2025-10-19 20:27:57,739 - weather_scheduler - INFO - ê¸°ìƒì²­ API ì´ˆê¸°í™” ì™„ë£Œ (ì„œë¹„ìŠ¤í‚¤: RS9BlHAdSZ***)
2025-10-19 20:27:57,740 - werkzeug - INFO - 127.0.0.1 - - [19/Oct/2025 20:27:57] "GET /api/scheduler/status HTTP/1.1" 200 -
2025-10-19 20:27:58,249 - werkzeug - INFO - 127.0.0.1 - - [19/Oct/2025 20:27:58] "GET /api/scheduler/stats HTTP/1.1" 200 -
2025-10-19 20:27:58,758 - apscheduler.scheduler - INFO - Adding job tentatively -- it will be properly scheduled when the scheduler starts
2025-10-19 20:27:58,759 - apscheduler.scheduler - INFO - Added job "ì‹œì¥ë³„ ë‚ ì”¨ ë°ì´í„° ìˆ˜ì§‘" to job store "default"
2025-10-19 20:27:58,759 - apscheduler.scheduler - INFO - Scheduler started
2025-10-19 20:27:58,760 - weather_scheduler - INFO - ë‚ ì”¨ ìŠ¤ì¼€ì¤„ëŸ¬ ì‹œì‘ë¨ (ì£¼ê¸°: 30ë¶„)
2025-10-19 20:27:58,760 - weather_scheduler - INFO - ì´ˆê¸° ë‚ ì”¨ ë°ì´í„° ìˆ˜ì§‘ ì‹œì‘...
2025-10-19 20:27:58,761 - weather_scheduler - INFO - ì´ 6ê°œ ì‹œì¥ì˜ ë‚ ì”¨ ë°ì´í„° ìˆ˜ì§‘ ì‹œì‘
2025-10-19 20:27:58,937 - weather_scheduler - INFO - ì‹œì¥ 'ë™ëŒ€ë¬¸ì‹œì¥': í˜„ì¬ ë‚ ì”¨ ìˆ˜ì§‘ ì„±ê³µ
2025-10-19 20:27:59,250 - weather_scheduler - INFO - ì‹œì¥ 'ë™ëŒ€ë¬¸ì‹œì¥': ì˜ˆë³´ ë°ì´í„° ìˆ˜ì§‘ ì„±ê³µ (6ì‹œê°„)
2025-10-19 20:27:59,942 - weather_scheduler - INFO - ì‹œì¥ 'ìê°ˆì¹˜ì‹œì¥': í˜„ì¬ ë‚ ì”¨ ìˆ˜ì§‘ ì„±ê³µ
2025-10-19 20:28:00,193 - weather_scheduler - INFO - ì‹œì¥ 'ìê°ˆì¹˜ì‹œì¥': ì˜ˆë³´ ë°ì´í„° ìˆ˜ì§‘ ì„±ê³µ (6ì‹œê°„)
2025-10-19 20:28:00,476 - weather_scheduler - INFO - ì‹œì¥ 'ì„œë¬¸ì‹œì¥': í˜„ì¬ ë‚ ì”¨ ìˆ˜ì§‘ ì„±ê³µ
2025-10-19 20:28:00,755 - weather_scheduler - INFO - ì‹œì¥ 'ì„œë¬¸ì‹œì¥': ì˜ˆë³´ ë°ì´í„° ìˆ˜ì§‘ ì„±ê³µ (6ì‹œê°„)
2025-10-19 20:28:03,290 - weather_scheduler - INFO - ì‹œì¥ 'í…ŒìŠ¤íŠ¸ ì‹œì¥': í˜„ì¬ ë‚ ì”¨ ìˆ˜ì§‘ ì„±ê³µ
2025-10-19 20:28:03,562 - weather_scheduler - INFO - ì‹œì¥ 'í…ŒìŠ¤íŠ¸ ì‹œì¥': ì˜ˆë³´ ë°ì´í„° ìˆ˜ì§‘ ì„±ê³µ (6ì‹œê°„)
2025-10-19 20:28:03,744 - weather_scheduler - INFO - ì‹œì¥ 'í…ŒìŠ¤íŠ¸ ì‹œì¥': í˜„ì¬ ë‚ ì”¨ ìˆ˜ì§‘ ì„±ê³µ
2025-10-19 20:28:04,009 - weather_scheduler - INFO - ì‹œì¥ 'í…ŒìŠ¤íŠ¸ ì‹œì¥': ì˜ˆë³´ ë°ì´í„° ìˆ˜ì§‘ ì„±ê³µ (6ì‹œê°„)
2025-10-19 20:28:04,199 - weather_scheduler - INFO - ì‹œì¥ 'í…ŒìŠ¤íŠ¸ ì‹œì¥': í˜„ì¬ ë‚ ì”¨ ìˆ˜ì§‘ ì„±ê³µ
2025-10-19 20:28:04,463 - weather_scheduler - INFO - ì‹œì¥ 'í…ŒìŠ¤íŠ¸ ì‹œì¥': ì˜ˆë³´ ë°ì´í„° ìˆ˜ì§‘ ì„±ê³µ (6ì‹œê°„)
2025-10-19 20:28:04,463 - weather_scheduler - INFO - ë‚ ì”¨ ë°ì´í„° ìˆ˜ì§‘ ì™„ë£Œ: ì„±ê³µ 6ê°œ, ì‹¤íŒ¨ 0ê°œ (ì´ 6ê°œ)
2025-10-19 20:28:04,464 - weather_scheduler - INFO - ë°ì´í„°ë² ì´ìŠ¤ ë‚ ì”¨ ë°ì´í„°: ì´ 267ê°œ (í˜„ì¬ 39ê°œ, ì˜ˆë³´ 228ê°œ)
2025-10-19 20:28:04,465 - werkzeug - INFO - 127.0.0.1 - - [19/Oct/2025 20:28:04] "POST /api/scheduler/start HTTP/1.1" 200 -
2025-10-19 20:28:04,975 - weather_scheduler - INFO - ì´ 6ê°œ ì‹œì¥ì˜ ë‚ ì”¨ ë°ì´í„° ìˆ˜ì§‘ ì‹œì‘
2025-10-19 20:28:05,124 - weather_scheduler - INFO - ì‹œì¥ 'ë™ëŒ€ë¬¸ì‹œì¥': í˜„ì¬ ë‚ ì”¨ ìˆ˜ì§‘ ì„±ê³µ
2025-10-19 20:28:05,412 - weather_scheduler - INFO - ì‹œì¥ 'ë™ëŒ€ë¬¸ì‹œì¥': ì˜ˆë³´ ë°ì´í„° ìˆ˜ì§‘ ì„±ê³µ (6ì‹œê°„)
2025-10-19 20:28:05,603 - weather_scheduler - INFO - ì‹œì¥ 'ìê°ˆì¹˜ì‹œì¥': í˜„ì¬ ë‚ ì”¨ ìˆ˜ì§‘ ì„±ê³µ
2025-10-19 20:28:05,888 - weather_scheduler - INFO - ì‹œì¥ 'ìê°ˆì¹˜ì‹œì¥': ì˜ˆë³´ ë°ì´í„° ìˆ˜ì§‘ ì„±ê³µ (6ì‹œê°„)
2025-10-19 20:28:06,148 - weather_scheduler - INFO - ì‹œì¥ 'ì„œë¬¸ì‹œì¥': í˜„ì¬ ë‚ ì”¨ ìˆ˜ì§‘ ì„±ê³µ
2025-10-19 20:28:06,945 - weather_scheduler - INFO - ì‹œì¥ 'ì„œë¬¸ì‹œì¥': ì˜ˆë³´ ë°ì´í„° ìˆ˜ì§‘ ì„±ê³µ (6ì‹œê°„)
2025-10-19 20:28:07,246 - weather_scheduler - INFO - ì‹œì¥ 'í…ŒìŠ¤íŠ¸ ì‹œì¥': í˜„ì¬ ë‚ ì”¨ ìˆ˜ì§‘ ì„±ê³µ
2025-10-19 20:28:07,537 - weather_scheduler - INFO - ì‹œì¥ 'í…ŒìŠ¤íŠ¸ ì‹œì¥': ì˜ˆë³´ ë°ì´í„° ìˆ˜ì§‘ ì„±ê³µ (6ì‹œê°„)
2025-10-19 20:28:07,803 - weather_scheduler - INFO - ì‹œì¥ 'í…ŒìŠ¤íŠ¸ ì‹œì¥': í˜„ì¬ ë‚ ì”¨ ìˆ˜ì§‘ ì„±ê³µ
2025-10-19 20:28:08,074 - weather_scheduler - INFO - ì‹œì¥ 'í…ŒìŠ¤íŠ¸ ì‹œì¥': ì˜ˆë³´ ë°ì´í„° ìˆ˜ì§‘ ì„±ê³µ (6ì‹œê°„)
2025-10-19 20:28:08,247 - weather_scheduler - INFO - ì‹œì¥ 'í…ŒìŠ¤íŠ¸ ì‹œì¥': í˜„ì¬ ë‚ ì”¨ ìˆ˜ì§‘ ì„±ê³µ
2025-10-19 20:28:08,490 - weather_scheduler - INFO - ì‹œì¥ 'í…ŒìŠ¤íŠ¸ ì‹œì¥': ì˜ˆë³´ ë°ì´í„° ìˆ˜ì§‘ ì„±ê³µ (6ì‹œê°„)
2025-10-19 20:28:08,490 - weather_scheduler - INFO - ë‚ ì”¨ ë°ì´í„° ìˆ˜ì§‘ ì™„ë£Œ: ì„±ê³µ 6ê°œ, ì‹¤íŒ¨ 0ê°œ (ì´ 6ê°œ)
2025-10-19 20:28:08,491 - weather_scheduler - INFO - ë°ì´í„°ë² ì´ìŠ¤ ë‚ ì”¨ ë°ì´í„°: ì´ 309ê°œ (í˜„ì¬ 45ê°œ, ì˜ˆë³´ 264ê°œ)
2025-10-19 20:28:08,491 - werkzeug - INFO - 127.0.0.1 - - [19/Oct/2025 20:28:08] "POST /api/scheduler/collect HTTP/1.1" 200 -
2025-10-19 20:28:09,003 - werkzeug - INFO - 127.0.0.1 - - [19/Oct/2025 20:28:09] "[33mGET /db-viewer/api/stats HTTP/1.1[0m" 404 -
2025-10-19 20:28:09,513 - werkzeug - INFO - 127.0.0.1 - - [19/Oct/2025 20:28:09] "[33mGET /db-viewer/api/users HTTP/1.1[0m" 404 -
2025-10-19 20:28:10,021 - werkzeug - INFO - 127.0.0.1 - - [19/Oct/2025 20:28:10] "[33mGET /db-viewer/api/markets HTTP/1.1[0m" 404 -
2025-10-19 20:28:10,534 - werkzeug - INFO - 127.0.0.1 - - [19/Oct/2025 20:28:10] "[33mGET /db-viewer/api/weather HTTP/1.1[0m" 404 -
2025-10-19 20:28:11,048 - werkzeug - INFO - 127.0.0.1 - - [19/Oct/2025 20:28:11] "[33mGET /db-viewer/api/damage HTTP/1.1[0m" 404 -
2025-10-19 20:28:11,559 - werkzeug - INFO - 127.0.0.1 - - [19/Oct/2025 20:28:11] "GET /api/markets HTTP/1.1" 200 -
2025-10-19 20:28:11,745 - werkzeug - INFO - 127.0.0.1 - - [19/Oct/2025 20:28:11] "POST /api/weather/current HTTP/1.1" 200 -
2025-10-19 20:28:11,752 - werkzeug - INFO - 127.0.0.1 - - [19/Oct/2025 20:28:11] "GET /api/scheduler/stats HTTP/1.1" 200 -
2025-10-19 20:28:11,755 - weather_scheduler - INFO - ì´ 6ê°œ ì‹œì¥ì˜ ë‚ ì”¨ ë°ì´í„° ìˆ˜ì§‘ ì‹œì‘
2025-10-19 20:28:11,931 - weather_scheduler - INFO - ì‹œì¥ 'ë™ëŒ€ë¬¸ì‹œì¥': í˜„ì¬ ë‚ ì”¨ ìˆ˜ì§‘ ì„±ê³µ
2025-10-19 20:28:12,206 - weather_scheduler - INFO - ì‹œì¥ 'ë™ëŒ€ë¬¸ì‹œì¥': ì˜ˆë³´ ë°ì´í„° ìˆ˜ì§‘ ì„±ê³µ (6ì‹œê°„)
2025-10-19 20:28:12,500 - weather_scheduler - INFO - ì‹œì¥ 'ìê°ˆì¹˜ì‹œì¥': í˜„ì¬ ë‚ ì”¨ ìˆ˜ì§‘ ì„±ê³µ
2025-10-19 20:28:12,782 - weather_scheduler - INFO - ì‹œì¥ 'ìê°ˆì¹˜ì‹œì¥': ì˜ˆë³´ ë°ì´í„° ìˆ˜ì§‘ ì„±ê³µ (6ì‹œê°„)
2025-10-19 20:28:12,955 - weather_scheduler - INFO - ì‹œì¥ 'ì„œë¬¸ì‹œì¥': í˜„ì¬ ë‚ ì”¨ ìˆ˜ì§‘ ì„±ê³µ
2025-10-19 20:28:13,263 - weather_scheduler - INFO - ì‹œì¥ 'ì„œë¬¸ì‹œì¥': ì˜ˆë³´ ë°ì´í„° ìˆ˜ì§‘ ì„±ê³µ (6ì‹œê°„)
2025-10-19 20:28:13,443 - weather_scheduler - INFO - ì‹œì¥ 'í…ŒìŠ¤íŠ¸ ì‹œì¥': í˜„ì¬ ë‚ ì”¨ ìˆ˜ì§‘ ì„±ê³µ
2025-10-19 20:28:13,714 - weather_scheduler - INFO - ì‹œì¥ 'í…ŒìŠ¤íŠ¸ ì‹œì¥': ì˜ˆë³´ ë°ì´í„° ìˆ˜ì§‘ ì„±ê³µ (6ì‹œê°„)
2025-10-19 20:28:13,906 - weather_scheduler - INFO - ì‹œì¥ 'í…ŒìŠ¤íŠ¸ ì‹œì¥': í˜„ì¬ ë‚ ì”¨ ìˆ˜ì§‘ ì„±ê³µ
2025-10-19 20:28:14,183 - weather_scheduler - INFO - ì‹œì¥ 'í…ŒìŠ¤íŠ¸ ì‹œì¥': ì˜ˆë³´ ë°ì´í„° ìˆ˜ì§‘ ì„±ê³µ (6ì‹œê°„)
2025-10-19 20:28:14,353 - weather_scheduler - INFO - ì‹œì¥ 'í…ŒìŠ¤íŠ¸ ì‹œì¥': í˜„ì¬ ë‚ ì”¨ ìˆ˜ì§‘ ì„±ê³µ
2025-10-19 20:28:14,631 - weather_scheduler - INFO - ì‹œì¥ 'í…ŒìŠ¤íŠ¸ ì‹œì¥': ì˜ˆë³´ ë°ì´í„° ìˆ˜ì§‘ ì„±ê³µ (6ì‹œê°„)
2025-10-19 20:28:14,631 - weather_scheduler - INFO - ë‚ ì”¨ ë°ì´í„° ìˆ˜ì§‘ ì™„ë£Œ: ì„±ê³µ 6ê°œ, ì‹¤íŒ¨ 0ê°œ (ì´ 6ê°œ)
2025-10-19 20:28:14,632 - weather_scheduler - INFO - ë°ì´í„°ë² ì´ìŠ¤ ë‚ ì”¨ ë°ì´í„°: ì´ 352ê°œ (í˜„ì¬ 52ê°œ, ì˜ˆë³´ 300ê°œ)
2025-10-19 20:28:14,632 - werkzeug - INFO - 127.0.0.1 - - [19/Oct/2025 20:28:14] "POST /api/scheduler/collect HTTP/1.1" 200 -
2025-10-19 20:28:50,244 - werkzeug - INFO -  * Detected change in '/Users/ppmb/mwn_backend/app.py', reloading
2025-10-19 20:30:29,151 - weather_scheduler - INFO - ê¸°ìƒì²­ API ì´ˆê¸°í™” ì™„ë£Œ (ì„œë¹„ìŠ¤í‚¤: RS9BlHAdSZ***)
2025-10-19 20:30:29,151 - werkzeug - INFO - 127.0.0.1 - - [19/Oct/2025 20:30:29] "GET /api/scheduler/status HTTP/1.1" 200 -
2025-10-19 20:30:29,678 - werkzeug - INFO - 127.0.0.1 - - [19/Oct/2025 20:30:29] "GET /api/scheduler/stats HTTP/1.1" 200 -
2025-10-19 20:30:30,188 - apscheduler.scheduler - INFO - Adding job tentatively -- it will be properly scheduled when the scheduler starts
2025-10-19 20:30:30,190 - apscheduler.scheduler - INFO - Added job "ì‹œì¥ë³„ ë‚ ì”¨ ë°ì´í„° ìˆ˜ì§‘" to job store "default"
2025-10-19 20:30:30,190 - apscheduler.scheduler - INFO - Scheduler started
2025-10-19 20:30:30,190 - weather_scheduler - INFO - ë‚ ì”¨ ìŠ¤ì¼€ì¤„ëŸ¬ ì‹œì‘ë¨ (ì£¼ê¸°: 30ë¶„)
2025-10-19 20:30:30,190 - weather_scheduler - INFO - ì´ˆê¸° ë‚ ì”¨ ë°ì´í„° ìˆ˜ì§‘ ì‹œì‘...
2025-10-19 20:30:30,193 - weather_scheduler - INFO - ì´ 7ê°œ ì‹œì¥ì˜ ë‚ ì”¨ ë°ì´í„° ìˆ˜ì§‘ ì‹œì‘
2025-10-19 20:30:30,404 - weather_scheduler - INFO - ì‹œì¥ 'ë™ëŒ€ë¬¸ì‹œì¥': í˜„ì¬ ë‚ ì”¨ ìˆ˜ì§‘ ì„±ê³µ
2025-10-19 20:30:30,723 - weather_scheduler - INFO - ì‹œì¥ 'ë™ëŒ€ë¬¸ì‹œì¥': ì˜ˆë³´ ë°ì´í„° ìˆ˜ì§‘ ì„±ê³µ (6ì‹œê°„)
2025-10-19 20:30:30,997 - weather_scheduler - INFO - ì‹œì¥ 'ìê°ˆì¹˜ì‹œì¥': í˜„ì¬ ë‚ ì”¨ ìˆ˜ì§‘ ì„±ê³µ
2025-10-19 20:30:31,365 - weather_scheduler - INFO - ì‹œì¥ 'ìê°ˆì¹˜ì‹œì¥': ì˜ˆë³´ ë°ì´í„° ìˆ˜ì§‘ ì„±ê³µ (6ì‹œê°„)
2025-10-19 20:30:31,788 - weather_scheduler - INFO - ì‹œì¥ 'ì„œë¬¸ì‹œì¥': í˜„ì¬ ë‚ ì”¨ ìˆ˜ì§‘ ì„±ê³µ
2025-10-19 20:30:32,114 - weather_scheduler - INFO - ì‹œì¥ 'ì„œë¬¸ì‹œì¥': ì˜ˆë³´ ë°ì´í„° ìˆ˜ì§‘ ì„±ê³µ (6ì‹œê°„)
2025-10-19 20:30:32,582 - weather_scheduler - INFO - ì‹œì¥ 'í…ŒìŠ¤íŠ¸ ì‹œì¥': í˜„ì¬ ë‚ ì”¨ ìˆ˜ì§‘ ì„±ê³µ
2025-10-19 20:30:32,890 - weather_scheduler - INFO - ì‹œì¥ 'í…ŒìŠ¤íŠ¸ ì‹œì¥': ì˜ˆë³´ ë°ì´í„° ìˆ˜ì§‘ ì„±ê³µ (6ì‹œê°„)
2025-10-19 20:30:33,073 - weather_scheduler - INFO - ì‹œì¥ 'í…ŒìŠ¤íŠ¸ ì‹œì¥': í˜„ì¬ ë‚ ì”¨ ìˆ˜ì§‘ ì„±ê³µ
2025-10-19 20:30:33,377 - weather_scheduler - INFO - ì‹œì¥ 'í…ŒìŠ¤íŠ¸ ì‹œì¥': ì˜ˆë³´ ë°ì´í„° ìˆ˜ì§‘ ì„±ê³µ (6ì‹œê°„)
2025-10-19 20:30:33,575 - weather_scheduler - INFO - ì‹œì¥ 'í…ŒìŠ¤íŠ¸ ì‹œì¥': í˜„ì¬ ë‚ ì”¨ ìˆ˜ì§‘ ì„±ê³µ
2025-10-19 20:30:33,862 - weather_scheduler - INFO - ì‹œì¥ 'í…ŒìŠ¤íŠ¸ ì‹œì¥': ì˜ˆë³´ ë°ì´í„° ìˆ˜ì§‘ ì„±ê³µ (6ì‹œê°„)
2025-10-19 20:30:34,067 - weather_scheduler - INFO - ì‹œì¥ 'í…ŒìŠ¤íŠ¸ ì‹œì¥': í˜„ì¬ ë‚ ì”¨ ìˆ˜ì§‘ ì„±ê³µ
2025-10-19 20:30:34,398 - weather_scheduler - INFO - ì‹œì¥ 'í…ŒìŠ¤íŠ¸ ì‹œì¥': ì˜ˆë³´ ë°ì´í„° ìˆ˜ì§‘ ì„±ê³µ (6ì‹œê°„)
2025-10-19 20:30:34,398 - weather_scheduler - INFO - ë‚ ì”¨ ë°ì´í„° ìˆ˜ì§‘ ì™„ë£Œ: ì„±ê³µ 7ê°œ, ì‹¤íŒ¨ 0ê°œ (ì´ 7ê°œ)
2025-10-19 20:30:34,399 - weather_scheduler - INFO - ë°ì´í„°ë² ì´ìŠ¤ ë‚ ì”¨ ë°ì´í„°: ì´ 408ê°œ (í˜„ì¬ 60ê°œ, ì˜ˆë³´ 348ê°œ)
2025-10-19 20:30:34,399 - werkzeug - INFO - 127.0.0.1 - - [19/Oct/2025 20:30:34] "POST /api/scheduler/start HTTP/1.1" 200 -
2025-10-19 20:30:34,914 - weather_scheduler - INFO - ì´ 7ê°œ ì‹œì¥ì˜ ë‚ ì”¨ ë°ì´í„° ìˆ˜ì§‘ ì‹œì‘
2025-10-19 20:30:35,126 - weather_scheduler - INFO - ì‹œì¥ 'ë™ëŒ€ë¬¸ì‹œì¥': í˜„ì¬ ë‚ ì”¨ ìˆ˜ì§‘ ì„±ê³µ
2025-10-19 20:30:35,499 - weather_scheduler - INFO - ì‹œì¥ 'ë™ëŒ€ë¬¸ì‹œì¥': ì˜ˆë³´ ë°ì´í„° ìˆ˜ì§‘ ì„±ê³µ (6ì‹œê°„)
2025-10-19 20:30:35,747 - weather_scheduler - INFO - ì‹œì¥ 'ìê°ˆì¹˜ì‹œì¥': í˜„ì¬ ë‚ ì”¨ ìˆ˜ì§‘ ì„±ê³µ
2025-10-19 20:30:36,134 - weather_scheduler - INFO - ì‹œì¥ 'ìê°ˆì¹˜ì‹œì¥': ì˜ˆë³´ ë°ì´í„° ìˆ˜ì§‘ ì„±ê³µ (6ì‹œê°„)
2025-10-19 20:30:36,341 - weather_scheduler - INFO - ì‹œì¥ 'ì„œë¬¸ì‹œì¥': í˜„ì¬ ë‚ ì”¨ ìˆ˜ì§‘ ì„±ê³µ
2025-10-19 20:30:36,742 - weather_scheduler - INFO - ì‹œì¥ 'ì„œë¬¸ì‹œì¥': ì˜ˆë³´ ë°ì´í„° ìˆ˜ì§‘ ì„±ê³µ (6ì‹œê°„)
2025-10-19 20:30:37,164 - weather_scheduler - INFO - ì‹œì¥ 'í…ŒìŠ¤íŠ¸ ì‹œì¥': í˜„ì¬ ë‚ ì”¨ ìˆ˜ì§‘ ì„±ê³µ
2025-10-19 20:30:37,476 - weather_scheduler - INFO - ì‹œì¥ 'í…ŒìŠ¤íŠ¸ ì‹œì¥': ì˜ˆë³´ ë°ì´í„° ìˆ˜ì§‘ ì„±ê³µ (6ì‹œê°„)
2025-10-19 20:30:37,657 - weather_scheduler - INFO - ì‹œì¥ 'í…ŒìŠ¤íŠ¸ ì‹œì¥': í˜„ì¬ ë‚ ì”¨ ìˆ˜ì§‘ ì„±ê³µ
2025-10-19 20:30:37,981 - weather_scheduler - INFO - ì‹œì¥ 'í…ŒìŠ¤íŠ¸ ì‹œì¥': ì˜ˆë³´ ë°ì´í„° ìˆ˜ì§‘ ì„±ê³µ (6ì‹œê°„)
2025-10-19 20:30:38,178 - weather_scheduler - INFO - ì‹œì¥ 'í…ŒìŠ¤íŠ¸ ì‹œì¥': í˜„ì¬ ë‚ ì”¨ ìˆ˜ì§‘ ì„±ê³µ
2025-10-19 20:30:38,445 - weather_scheduler - INFO - ì‹œì¥ 'í…ŒìŠ¤íŠ¸ ì‹œì¥': ì˜ˆë³´ ë°ì´í„° ìˆ˜ì§‘ ì„±ê³µ (6ì‹œê°„)
2025-10-19 20:30:38,649 - weather_scheduler - INFO - ì‹œì¥ 'í…ŒìŠ¤íŠ¸ ì‹œì¥': í˜„ì¬ ë‚ ì”¨ ìˆ˜ì§‘ ì„±ê³µ
2025-10-19 20:30:38,937 - weather_scheduler - INFO - ì‹œì¥ 'í…ŒìŠ¤íŠ¸ ì‹œì¥': ì˜ˆë³´ ë°ì´í„° ìˆ˜ì§‘ ì„±ê³µ (6ì‹œê°„)
2025-10-19 20:30:38,937 - weather_scheduler - INFO - ë‚ ì”¨ ë°ì´í„° ìˆ˜ì§‘ ì™„ë£Œ: ì„±ê³µ 7ê°œ, ì‹¤íŒ¨ 0ê°œ (ì´ 7ê°œ)
2025-10-19 20:30:38,938 - weather_scheduler - INFO - ë°ì´í„°ë² ì´ìŠ¤ ë‚ ì”¨ ë°ì´í„°: ì´ 457ê°œ (í˜„ì¬ 67ê°œ, ì˜ˆë³´ 390ê°œ)
2025-10-19 20:30:38,939 - werkzeug - INFO - 127.0.0.1 - - [19/Oct/2025 20:30:38] "POST /api/scheduler/collect HTTP/1.1" 200 -
2025-10-19 20:30:39,471 - werkzeug - INFO - 127.0.0.1 - - [19/Oct/2025 20:30:39] "GET /db-viewer/api/stats HTTP/1.1" 200 -
2025-10-19 20:30:39,985 - werkzeug - INFO - 127.0.0.1 - - [19/Oct/2025 20:30:39] "GET /db-viewer/api/users HTTP/1.1" 200 -
2025-10-19 20:30:40,495 - werkzeug - INFO - 127.0.0.1 - - [19/Oct/2025 20:30:40] "GET /db-viewer/api/markets HTTP/1.1" 200 -
2025-10-19 20:30:41,005 - werkzeug - INFO - 127.0.0.1 - - [19/Oct/2025 20:30:41] "GET /db-viewer/api/weather HTTP/1.1" 200 -
2025-10-19 20:30:41,517 - werkzeug - INFO - 127.0.0.1 - - [19/Oct/2025 20:30:41] "GET /db-viewer/api/damage HTTP/1.1" 200 -
2025-10-19 20:30:42,027 - werkzeug - INFO - 127.0.0.1 - - [19/Oct/2025 20:30:42] "GET /api/markets HTTP/1.1" 200 -
2025-10-19 20:30:42,225 - werkzeug - INFO - 127.0.0.1 - - [19/Oct/2025 20:30:42] "POST /api/weather/current HTTP/1.1" 200 -
2025-10-19 20:30:42,230 - werkzeug - INFO - 127.0.0.1 - - [19/Oct/2025 20:30:42] "GET /api/scheduler/stats HTTP/1.1" 200 -
2025-10-19 20:30:42,232 - weather_scheduler - INFO - ì´ 7ê°œ ì‹œì¥ì˜ ë‚ ì”¨ ë°ì´í„° ìˆ˜ì§‘ ì‹œì‘
2025-10-19 20:30:42,382 - weather_scheduler - INFO - ì‹œì¥ 'ë™ëŒ€ë¬¸ì‹œì¥': í˜„ì¬ ë‚ ì”¨ ìˆ˜ì§‘ ì„±ê³µ
2025-10-19 20:30:42,678 - weather_scheduler - INFO - ì‹œì¥ 'ë™ëŒ€ë¬¸ì‹œì¥': ì˜ˆë³´ ë°ì´í„° ìˆ˜ì§‘ ì„±ê³µ (6ì‹œê°„)
2025-10-19 20:30:42,908 - weather_scheduler - INFO - ì‹œì¥ 'ìê°ˆì¹˜ì‹œì¥': í˜„ì¬ ë‚ ì”¨ ìˆ˜ì§‘ ì„±ê³µ
2025-10-19 20:30:43,183 - weather_scheduler - INFO - ì‹œì¥ 'ìê°ˆì¹˜ì‹œì¥': ì˜ˆë³´ ë°ì´í„° ìˆ˜ì§‘ ì„±ê³µ (6ì‹œê°„)
2025-10-19 20:30:43,379 - weather_scheduler - INFO - ì‹œì¥ 'ì„œë¬¸ì‹œì¥': í˜„ì¬ ë‚ ì”¨ ìˆ˜ì§‘ ì„±ê³µ
2025-10-19 20:30:43,680 - weather_scheduler - INFO - ì‹œì¥ 'ì„œë¬¸ì‹œì¥': ì˜ˆë³´ ë°ì´í„° ìˆ˜ì§‘ ì„±ê³µ (6ì‹œê°„)
2025-10-19 20:30:43,904 - weather_scheduler - INFO - ì‹œì¥ 'í…ŒìŠ¤íŠ¸ ì‹œì¥': í˜„ì¬ ë‚ ì”¨ ìˆ˜ì§‘ ì„±ê³µ
2025-10-19 20:30:44,210 - weather_scheduler - INFO - ì‹œì¥ 'í…ŒìŠ¤íŠ¸ ì‹œì¥': ì˜ˆë³´ ë°ì´í„° ìˆ˜ì§‘ ì„±ê³µ (6ì‹œê°„)
2025-10-19 20:30:44,423 - weather_scheduler - INFO - ì‹œì¥ 'í…ŒìŠ¤íŠ¸ ì‹œì¥': í˜„ì¬ ë‚ ì”¨ ìˆ˜ì§‘ ì„±ê³µ
2025-10-19 20:30:44,734 - weather_scheduler - INFO - ì‹œì¥ 'í…ŒìŠ¤íŠ¸ ì‹œì¥': ì˜ˆë³´ ë°ì´í„° ìˆ˜ì§‘ ì„±ê³µ (6ì‹œê°„)
2025-10-19 20:30:44,954 - weather_scheduler - INFO - ì‹œì¥ 'í…ŒìŠ¤íŠ¸ ì‹œì¥': í˜„ì¬ ë‚ ì”¨ ìˆ˜ì§‘ ì„±ê³µ
2025-10-19 20:30:45,327 - weather_scheduler - INFO - ì‹œì¥ 'í…ŒìŠ¤íŠ¸ ì‹œì¥': ì˜ˆë³´ ë°ì´í„° ìˆ˜ì§‘ ì„±ê³µ (6ì‹œê°„)
2025-10-19 20:30:45,534 - weather_scheduler - INFO - ì‹œì¥ 'í…ŒìŠ¤íŠ¸ ì‹œì¥': í˜„ì¬ ë‚ ì”¨ ìˆ˜ì§‘ ì„±ê³µ
2025-10-19 20:30:45,815 - weather_scheduler - INFO - ì‹œì¥ 'í…ŒìŠ¤íŠ¸ ì‹œì¥': ì˜ˆë³´ ë°ì´í„° ìˆ˜ì§‘ ì„±ê³µ (6ì‹œê°„)
2025-10-19 20:30:45,815 - weather_scheduler - INFO - ë‚ ì”¨ ë°ì´í„° ìˆ˜ì§‘ ì™„ë£Œ: ì„±ê³µ 7ê°œ, ì‹¤íŒ¨ 0ê°œ (ì´ 7ê°œ)
2025-10-19 20:30:45,817 - weather_scheduler - INFO - ë°ì´í„°ë² ì´ìŠ¤ ë‚ ì”¨ ë°ì´í„°: ì´ 507ê°œ (í˜„ì¬ 75ê°œ, ì˜ˆë³´ 432ê°œ)
2025-10-19 20:30:45,817 - werkzeug - INFO - 127.0.0.1 - - [19/Oct/2025 20:30:45] "POST /api/scheduler/collect HTTP/1.1" 200 -
2025-10-19 21:00:30,226 - apscheduler.executors.default - INFO - Running job "ì‹œì¥ë³„ ë‚ ì”¨ ë°ì´í„° ìˆ˜ì§‘ (trigger: interval[0:30:00], next run at: 2025-10-19 21:00:30 KST)" (scheduled at 2025-10-19 21:00:30.187994+09:00)
2025-10-19 21:00:30,236 - weather_scheduler - INFO - ì´ 7ê°œ ì‹œì¥ì˜ ë‚ ì”¨ ë°ì´í„° ìˆ˜ì§‘ ì‹œì‘
2025-10-19 21:00:30,728 - weather_scheduler - INFO - ì‹œì¥ 'ë™ëŒ€ë¬¸ì‹œì¥': í˜„ì¬ ë‚ ì”¨ ìˆ˜ì§‘ ì„±ê³µ
2025-10-19 21:00:31,660 - weather_scheduler - INFO - ì‹œì¥ 'ë™ëŒ€ë¬¸ì‹œì¥': ì˜ˆë³´ ë°ì´í„° ìˆ˜ì§‘ ì„±ê³µ (6ì‹œê°„)
2025-10-19 21:00:31,966 - weather_scheduler - INFO - ì‹œì¥ 'ìê°ˆì¹˜ì‹œì¥': í˜„ì¬ ë‚ ì”¨ ìˆ˜ì§‘ ì„±ê³µ
2025-10-19 21:00:32,620 - weather_scheduler - INFO - ì‹œì¥ 'ìê°ˆì¹˜ì‹œì¥': ì˜ˆë³´ ë°ì´í„° ìˆ˜ì§‘ ì„±ê³µ (6ì‹œê°„)
2025-10-19 21:00:33,395 - weather_scheduler - INFO - ì‹œì¥ 'ì„œë¬¸ì‹œì¥': í˜„ì¬ ë‚ ì”¨ ìˆ˜ì§‘ ì„±ê³µ
2025-10-19 21:00:33,788 - weather_scheduler - INFO - ì‹œì¥ 'ì„œë¬¸ì‹œì¥': ì˜ˆë³´ ë°ì´í„° ìˆ˜ì§‘ ì„±ê³µ (6ì‹œê°„)
2025-10-19 21:00:34,191 - weather_scheduler - INFO - ì‹œì¥ 'í…ŒìŠ¤íŠ¸ ì‹œì¥': í˜„ì¬ ë‚ ì”¨ ìˆ˜ì§‘ ì„±ê³µ
2025-10-19 21:00:34,742 - weather_scheduler - INFO - ì‹œì¥ 'í…ŒìŠ¤íŠ¸ ì‹œì¥': ì˜ˆë³´ ë°ì´í„° ìˆ˜ì§‘ ì„±ê³µ (6ì‹œê°„)
2025-10-19 21:00:35,113 - weather_scheduler - INFO - ì‹œì¥ 'í…ŒìŠ¤íŠ¸ ì‹œì¥': í˜„ì¬ ë‚ ì”¨ ìˆ˜ì§‘ ì„±ê³µ
2025-10-19 21:00:35,504 - weather_scheduler - INFO - ì‹œì¥ 'í…ŒìŠ¤íŠ¸ ì‹œì¥': ì˜ˆë³´ ë°ì´í„° ìˆ˜ì§‘ ì„±ê³µ (6ì‹œê°„)
2025-10-19 21:00:35,774 - weather_scheduler - INFO - ì‹œì¥ 'í…ŒìŠ¤íŠ¸ ì‹œì¥': í˜„ì¬ ë‚ ì”¨ ìˆ˜ì§‘ ì„±ê³µ
2025-10-19 21:00:36,166 - weather_scheduler - INFO - ì‹œì¥ 'í…ŒìŠ¤íŠ¸ ì‹œì¥': ì˜ˆë³´ ë°ì´í„° ìˆ˜ì§‘ ì„±ê³µ (6ì‹œê°„)
2025-10-19 21:00:36,446 - weather_scheduler - INFO - ì‹œì¥ 'í…ŒìŠ¤íŠ¸ ì‹œì¥': í˜„ì¬ ë‚ ì”¨ ìˆ˜ì§‘ ì„±ê³µ
2025-10-19 21:00:37,093 - weather_scheduler - INFO - ì‹œì¥ 'í…ŒìŠ¤íŠ¸ ì‹œì¥': ì˜ˆë³´ ë°ì´í„° ìˆ˜ì§‘ ì„±ê³µ (6ì‹œê°„)
2025-10-19 21:00:37,093 - weather_scheduler - INFO - ë‚ ì”¨ ë°ì´í„° ìˆ˜ì§‘ ì™„ë£Œ: ì„±ê³µ 7ê°œ, ì‹¤íŒ¨ 0ê°œ (ì´ 7ê°œ)
2025-10-19 21:00:37,095 - weather_scheduler - INFO - ë°ì´í„°ë² ì´ìŠ¤ ë‚ ì”¨ ë°ì´í„°: ì´ 556ê°œ (í˜„ì¬ 82ê°œ, ì˜ˆë³´ 474ê°œ)
2025-10-19 21:00:37,095 - apscheduler.executors.default - INFO - Job "ì‹œì¥ë³„ ë‚ ì”¨ ë°ì´í„° ìˆ˜ì§‘ (trigger: interval[0:30:00], next run at: 2025-10-19 21:30:30 KST)" executed successfully
2025-10-19 21:30:30,204 - apscheduler.executors.default - INFO - Running job "ì‹œì¥ë³„ ë‚ ì”¨ ë°ì´í„° ìˆ˜ì§‘ (trigger: interval[0:30:00], next run at: 2025-10-19 22:00:30 KST)" (scheduled at 2025-10-19 21:30:30.187994+09:00)
2025-10-19 21:30:30,223 - weather_scheduler - INFO - ì´ 7ê°œ ì‹œì¥ì˜ ë‚ ì”¨ ë°ì´í„° ìˆ˜ì§‘ ì‹œì‘
2025-10-19 21:30:30,526 - weather_scheduler - INFO - ì‹œì¥ 'ë™ëŒ€ë¬¸ì‹œì¥': í˜„ì¬ ë‚ ì”¨ ìˆ˜ì§‘ ì„±ê³µ
2025-10-19 21:30:30,915 - weather_scheduler - INFO - ì‹œì¥ 'ë™ëŒ€ë¬¸ì‹œì¥': ì˜ˆë³´ ë°ì´í„° ìˆ˜ì§‘ ì„±ê³µ (6ì‹œê°„)
2025-10-19 21:30:31,262 - weather_scheduler - INFO - ì‹œì¥ 'ìê°ˆì¹˜ì‹œì¥': í˜„ì¬ ë‚ ì”¨ ìˆ˜ì§‘ ì„±ê³µ
2025-10-19 21:30:31,746 - weather_scheduler - INFO - ì‹œì¥ 'ìê°ˆì¹˜ì‹œì¥': ì˜ˆë³´ ë°ì´í„° ìˆ˜ì§‘ ì„±ê³µ (6ì‹œê°„)
2025-10-19 21:30:32,105 - weather_scheduler - INFO - ì‹œì¥ 'ì„œë¬¸ì‹œì¥': í˜„ì¬ ë‚ ì”¨ ìˆ˜ì§‘ ì„±ê³µ
2025-10-19 21:30:32,499 - weather_scheduler - INFO - ì‹œì¥ 'ì„œë¬¸ì‹œì¥': ì˜ˆë³´ ë°ì´í„° ìˆ˜ì§‘ ì„±ê³µ (6ì‹œê°„)
2025-10-19 21:30:32,865 - weather_scheduler - INFO - ì‹œì¥ 'í…ŒìŠ¤íŠ¸ ì‹œì¥': í˜„ì¬ ë‚ ì”¨ ìˆ˜ì§‘ ì„±ê³µ
2025-10-19 21:30:33,227 - weather_scheduler - INFO - ì‹œì¥ 'í…ŒìŠ¤íŠ¸ ì‹œì¥': ì˜ˆë³´ ë°ì´í„° ìˆ˜ì§‘ ì„±ê³µ (6ì‹œê°„)
2025-10-19 21:30:33,467 - weather_scheduler - INFO - ì‹œì¥ 'í…ŒìŠ¤íŠ¸ ì‹œì¥': í˜„ì¬ ë‚ ì”¨ ìˆ˜ì§‘ ì„±ê³µ
2025-10-19 21:30:33,856 - weather_scheduler - INFO - ì‹œì¥ 'í…ŒìŠ¤íŠ¸ ì‹œì¥': ì˜ˆë³´ ë°ì´í„° ìˆ˜ì§‘ ì„±ê³µ (6ì‹œê°„)
2025-10-19 21:30:34,170 - weather_scheduler - INFO - ì‹œì¥ 'í…ŒìŠ¤íŠ¸ ì‹œì¥': í˜„ì¬ ë‚ ì”¨ ìˆ˜ì§‘ ì„±ê³µ
2025-10-19 21:30:34,601 - weather_scheduler - INFO - ì‹œì¥ 'í…ŒìŠ¤íŠ¸ ì‹œì¥': ì˜ˆë³´ ë°ì´í„° ìˆ˜ì§‘ ì„±ê³µ (6ì‹œê°„)
2025-10-19 21:30:34,955 - weather_scheduler - INFO - ì‹œì¥ 'í…ŒìŠ¤íŠ¸ ì‹œì¥': í˜„ì¬ ë‚ ì”¨ ìˆ˜ì§‘ ì„±ê³µ
2025-10-19 21:30:35,313 - weather_scheduler - INFO - ì‹œì¥ 'í…ŒìŠ¤íŠ¸ ì‹œì¥': ì˜ˆë³´ ë°ì´í„° ìˆ˜ì§‘ ì„±ê³µ (6ì‹œê°„)
2025-10-19 21:30:35,313 - weather_scheduler - INFO - ë‚ ì”¨ ë°ì´í„° ìˆ˜ì§‘ ì™„ë£Œ: ì„±ê³µ 7ê°œ, ì‹¤íŒ¨ 0ê°œ (ì´ 7ê°œ)
2025-10-19 21:30:35,320 - weather_scheduler - INFO - ë°ì´í„°ë² ì´ìŠ¤ ë‚ ì”¨ ë°ì´í„°: ì´ 605ê°œ (í˜„ì¬ 89ê°œ, ì˜ˆë³´ 516ê°œ)
2025-10-19 21:30:35,321 - apscheduler.executors.default - INFO - Job "ì‹œì¥ë³„ ë‚ ì”¨ ë°ì´í„° ìˆ˜ì§‘ (trigger: interval[0:30:00], next run at: 2025-10-19 22:00:30 KST)" executed successfully
2025-10-19 22:00:30,323 - apscheduler.executors.default - INFO - Running job "ì‹œì¥ë³„ ë‚ ì”¨ ë°ì´í„° ìˆ˜ì§‘ (trigger: interval[0:30:00], next run at: 2025-10-19 22:30:30 KST)" (scheduled at 2025-10-19 22:00:30.187994+09:00)
2025-10-19 22:00:30,337 - weather_scheduler - INFO - ì´ 7ê°œ ì‹œì¥ì˜ ë‚ ì”¨ ë°ì´í„° ìˆ˜ì§‘ ì‹œì‘
2025-10-19 22:00:30,499 - weather_scheduler - INFO - ì‹œì¥ 'ë™ëŒ€ë¬¸ì‹œì¥': í˜„ì¬ ë‚ ì”¨ ìˆ˜ì§‘ ì„±ê³µ
2025-10-19 22:00:30,670 - weather_scheduler - INFO - ì‹œì¥ 'ë™ëŒ€ë¬¸ì‹œì¥': ì˜ˆë³´ ë°ì´í„° ìˆ˜ì§‘ ì„±ê³µ (6ì‹œê°„)
2025-10-19 22:00:30,774 - weather_scheduler - INFO - ì‹œì¥ 'ìê°ˆì¹˜ì‹œì¥': í˜„ì¬ ë‚ ì”¨ ìˆ˜ì§‘ ì„±ê³µ
2025-10-19 22:00:30,940 - weather_scheduler - INFO - ì‹œì¥ 'ìê°ˆì¹˜ì‹œì¥': ì˜ˆë³´ ë°ì´í„° ìˆ˜ì§‘ ì„±ê³µ (6ì‹œê°„)
2025-10-19 22:00:31,053 - weather_scheduler - INFO - ì‹œì¥ 'ì„œë¬¸ì‹œì¥': í˜„ì¬ ë‚ ì”¨ ìˆ˜ì§‘ ì„±ê³µ
2025-10-19 22:00:31,221 - weather_scheduler - INFO - ì‹œì¥ 'ì„œë¬¸ì‹œì¥': ì˜ˆë³´ ë°ì´í„° ìˆ˜ì§‘ ì„±ê³µ (6ì‹œê°„)
2025-10-19 22:00:31,336 - weather_scheduler - INFO - ì‹œì¥ 'í…ŒìŠ¤íŠ¸ ì‹œì¥': í˜„ì¬ ë‚ ì”¨ ìˆ˜ì§‘ ì„±ê³µ
2025-10-19 22:00:31,517 - weather_scheduler - INFO - ì‹œì¥ 'í…ŒìŠ¤íŠ¸ ì‹œì¥': ì˜ˆë³´ ë°ì´í„° ìˆ˜ì§‘ ì„±ê³µ (6ì‹œê°„)
2025-10-19 22:00:31,666 - weather_scheduler - INFO - ì‹œì¥ 'í…ŒìŠ¤íŠ¸ ì‹œì¥': í˜„ì¬ ë‚ ì”¨ ìˆ˜ì§‘ ì„±ê³µ
2025-10-19 22:00:31,831 - weather_scheduler - INFO - ì‹œì¥ 'í…ŒìŠ¤íŠ¸ ì‹œì¥': ì˜ˆë³´ ë°ì´í„° ìˆ˜ì§‘ ì„±ê³µ (6ì‹œê°„)
2025-10-19 22:00:32,076 - weather_scheduler - INFO - ì‹œì¥ 'í…ŒìŠ¤íŠ¸ ì‹œì¥': í˜„ì¬ ë‚ ì”¨ ìˆ˜ì§‘ ì„±ê³µ
2025-10-19 22:00:32,251 - weather_scheduler - INFO - ì‹œì¥ 'í…ŒìŠ¤íŠ¸ ì‹œì¥': ì˜ˆë³´ ë°ì´í„° ìˆ˜ì§‘ ì„±ê³µ (6ì‹œê°„)
2025-10-19 22:00:32,345 - weather_scheduler - INFO - ì‹œì¥ 'í…ŒìŠ¤íŠ¸ ì‹œì¥': í˜„ì¬ ë‚ ì”¨ ìˆ˜ì§‘ ì„±ê³µ
2025-10-19 22:00:32,526 - weather_scheduler - INFO - ì‹œì¥ 'í…ŒìŠ¤íŠ¸ ì‹œì¥': ì˜ˆë³´ ë°ì´í„° ìˆ˜ì§‘ ì„±ê³µ (6ì‹œê°„)
2025-10-19 22:00:32,527 - weather_scheduler - INFO - ë‚ ì”¨ ë°ì´í„° ìˆ˜ì§‘ ì™„ë£Œ: ì„±ê³µ 7ê°œ, ì‹¤íŒ¨ 0ê°œ (ì´ 7ê°œ)
2025-10-19 22:00:32,529 - weather_scheduler - INFO - ë°ì´í„°ë² ì´ìŠ¤ ë‚ ì”¨ ë°ì´í„°: ì´ 654ê°œ (í˜„ì¬ 96ê°œ, ì˜ˆë³´ 558ê°œ)
2025-10-19 22:00:32,529 - apscheduler.executors.default - INFO - Job "ì‹œì¥ë³„ ë‚ ì”¨ ë°ì´í„° ìˆ˜ì§‘ (trigger: interval[0:30:00], next run at: 2025-10-19 22:30:30 KST)" executed successfully
2025-10-19 22:14:53,110 - werkzeug - INFO -  * Detected change in '/Users/ppmb/mwn_backend/models.py', reloading
